"2021-10-12 08:56:34 [restartedMain] INFO  c.r.horizon.ResourceApplicationKt - Starting ResourceApplicationKt using Java 11.0.11 on fadednirvana with PID 9948 (E:\Horizon India\horizon-resource\horizon\target\classes started by HP in E:\Horizon India\horizon-resource\horizon)
""2021-10-12 08:56:34 [restartedMain] INFO  c.r.horizon.ResourceApplicationKt - No active profile set, falling back to default profiles: default
""2021-10-12 08:56:34 [restartedMain] INFO  o.s.b.d.e.DevToolsPropertyDefaultsPostProcessor - Devtools property defaults active! Set 'spring.devtools.add-properties' to 'false' to disable
""2021-10-12 08:56:34 [restartedMain] INFO  o.s.b.d.e.DevToolsPropertyDefaultsPostProcessor - For additional web related logging consider setting the 'logging.level.web' property to 'DEBUG'
""2021-10-12 08:56:36 [restartedMain] INFO  o.s.d.r.c.RepositoryConfigurationDelegate - Bootstrapping Spring Data MongoDB repositories in DEFAULT mode.
""2021-10-12 08:56:36 [restartedMain] INFO  o.s.d.r.c.RepositoryConfigurationDelegate - Finished Spring Data repository scanning in 55 ms. Found 2 MongoDB repository interfaces.
""2021-10-12 08:56:38 [restartedMain] INFO  o.s.b.w.e.tomcat.TomcatWebServer - Tomcat initialized with port(s): 8058 (http)
""2021-10-12 08:56:38 [restartedMain] INFO  o.a.catalina.core.StandardService - Starting service [Tomcat]
""2021-10-12 08:56:38 [restartedMain] INFO  o.a.catalina.core.StandardEngine - Starting Servlet engine: [Apache Tomcat/9.0.53]
""2021-10-12 08:56:39 [restartedMain] INFO  o.a.c.c.C.[Tomcat].[localhost].[/] - Initializing Spring embedded WebApplicationContext
""2021-10-12 08:56:39 [restartedMain] INFO  o.s.b.w.s.c.ServletWebServerApplicationContext - Root WebApplicationContext: initialization completed in 4318 ms
""2021-10-12 08:56:39 [restartedMain] INFO  org.mongodb.driver.cluster - Cluster created with settings {hosts=[localhost:27017], mode=SINGLE, requiredClusterType=UNKNOWN, serverSelectionTimeout='30000 ms'}
""2021-10-12 08:56:39 [restartedMain] WARN  o.s.b.d.a.OptionalLiveReloadServer - Unable to start LiveReload server
""2021-10-12 08:56:39 [cluster-rtt-ClusterId{value='6165006fe168f50488da06db', description='null'}-localhost:27017] INFO  org.mongodb.driver.connection - Opened connection [connectionId{localValue:1, serverValue:55}] to localhost:27017
""2021-10-12 08:56:39 [cluster-ClusterId{value='6165006fe168f50488da06db', description='null'}-localhost:27017] INFO  org.mongodb.driver.connection - Opened connection [connectionId{localValue:2, serverValue:56}] to localhost:27017
""2021-10-12 08:56:39 [cluster-ClusterId{value='6165006fe168f50488da06db', description='null'}-localhost:27017] INFO  org.mongodb.driver.cluster - Monitor thread successfully connected to server with description ServerDescription{address=localhost:27017, type=STANDALONE, state=CONNECTED, ok=true, minWireVersion=0, maxWireVersion=9, maxDocumentSize=16777216, logicalSessionTimeoutMinutes=30, roundTripTimeNanos=489388000}
""2021-10-12 08:56:40 [restartedMain] INFO  o.s.b.w.e.tomcat.TomcatWebServer - Tomcat started on port(s): 8058 (http) with context path ''
""2021-10-12 08:56:40 [restartedMain] INFO  c.r.horizon.ResourceApplicationKt - Started ResourceApplicationKt in 7.461 seconds (JVM running for 9.536)
""2021-10-12 08:56:40 [restartedMain] INFO  c.r.horizon.ResourceApplication - Resource Application Started
""2021-10-12 09:00:01 [restartedMain] INFO  c.r.horizon.ResourceApplicationKt - Starting ResourceApplicationKt using Java 11.0.11 on fadednirvana with PID 9948 (E:\Horizon India\horizon-resource\horizon\target\classes started by HP in E:\Horizon India\horizon-resource\horizon)
""2021-10-12 09:00:01 [restartedMain] INFO  c.r.horizon.ResourceApplicationKt - No active profile set, falling back to default profiles: default
""2021-10-12 09:00:02 [restartedMain] INFO  o.s.d.r.c.RepositoryConfigurationDelegate - Bootstrapping Spring Data MongoDB repositories in DEFAULT mode.
""2021-10-12 09:00:02 [restartedMain] INFO  o.s.d.r.c.RepositoryConfigurationDelegate - Finished Spring Data repository scanning in 19 ms. Found 2 MongoDB repository interfaces.
""2021-10-12 09:00:02 [restartedMain] INFO  o.s.b.w.e.tomcat.TomcatWebServer - Tomcat initialized with port(s): 8058 (http)
""2021-10-12 09:00:02 [restartedMain] INFO  o.a.catalina.core.StandardService - Starting service [Tomcat]
""2021-10-12 09:00:02 [restartedMain] INFO  o.a.catalina.core.StandardEngine - Starting Servlet engine: [Apache Tomcat/9.0.53]
""2021-10-12 09:00:02 [restartedMain] INFO  o.a.c.c.C.[Tomcat].[localhost].[/] - Initializing Spring embedded WebApplicationContext
""2021-10-12 09:00:02 [restartedMain] INFO  o.s.b.w.s.c.ServletWebServerApplicationContext - Root WebApplicationContext: initialization completed in 953 ms
""2021-10-12 09:00:02 [restartedMain] INFO  org.mongodb.driver.cluster - Cluster created with settings {hosts=[localhost:27017], mode=SINGLE, requiredClusterType=UNKNOWN, serverSelectionTimeout='30000 ms'}
""2021-10-12 09:00:02 [restartedMain] WARN  o.s.b.d.a.OptionalLiveReloadServer - Unable to start LiveReload server
""2021-10-12 09:00:02 [cluster-rtt-ClusterId{value='6165013ae168f50488da06dc', description='null'}-localhost:27017] INFO  org.mongodb.driver.connection - Opened connection [connectionId{localValue:4, serverValue:58}] to localhost:27017
""2021-10-12 09:00:02 [restartedMain] INFO  o.s.b.w.e.tomcat.TomcatWebServer - Tomcat started on port(s): 8058 (http) with context path ''
""2021-10-12 09:00:02 [restartedMain] INFO  c.r.horizon.ResourceApplicationKt - Started ResourceApplicationKt in 1.309 seconds (JVM running for 211.963)
""2021-10-12 09:00:02 [restartedMain] INFO  o.s.b.d.a.ConditionEvaluationDeltaLoggingListener - Condition evaluation unchanged
""2021-10-12 09:00:02 [restartedMain] INFO  c.r.horizon.ResourceApplication - Resource Application Started
""2021-10-12 09:00:03 [cluster-ClusterId{value='6165013ae168f50488da06dc', description='null'}-localhost:27017] INFO  org.mongodb.driver.connection - Opened connection [connectionId{localValue:3, serverValue:57}] to localhost:27017
""2021-10-12 09:00:03 [cluster-ClusterId{value='6165013ae168f50488da06dc', description='null'}-localhost:27017] INFO  org.mongodb.driver.cluster - Monitor thread successfully connected to server with description ServerDescription{address=localhost:27017, type=STANDALONE, state=CONNECTED, ok=true, minWireVersion=0, maxWireVersion=9, maxDocumentSize=16777216, logicalSessionTimeoutMinutes=30, roundTripTimeNanos=334193500}
""2021-10-12 09:00:51 [restartedMain] INFO  c.r.horizon.ResourceApplicationKt - Starting ResourceApplicationKt using Java 11.0.11 on fadednirvana with PID 9948 (E:\Horizon India\horizon-resource\horizon\target\classes started by HP in E:\Horizon India\horizon-resource\horizon)
""2021-10-12 09:00:51 [restartedMain] INFO  c.r.horizon.ResourceApplicationKt - No active profile set, falling back to default profiles: default
""2021-10-12 09:00:52 [restartedMain] INFO  o.s.d.r.c.RepositoryConfigurationDelegate - Bootstrapping Spring Data MongoDB repositories in DEFAULT mode.
""2021-10-12 09:00:52 [restartedMain] INFO  o.s.d.r.c.RepositoryConfigurationDelegate - Finished Spring Data repository scanning in 18 ms. Found 2 MongoDB repository interfaces.
""2021-10-12 09:00:52 [restartedMain] INFO  o.s.b.w.e.tomcat.TomcatWebServer - Tomcat initialized with port(s): 8058 (http)
""2021-10-12 09:00:52 [restartedMain] INFO  o.a.catalina.core.StandardService - Starting service [Tomcat]
""2021-10-12 09:00:52 [restartedMain] INFO  o.a.catalina.core.StandardEngine - Starting Servlet engine: [Apache Tomcat/9.0.53]
""2021-10-12 09:00:53 [restartedMain] INFO  o.a.c.c.C.[Tomcat].[localhost].[/] - Initializing Spring embedded WebApplicationContext
""2021-10-12 09:00:53 [restartedMain] INFO  o.s.b.w.s.c.ServletWebServerApplicationContext - Root WebApplicationContext: initialization completed in 1601 ms
""2021-10-12 09:00:53 [restartedMain] INFO  org.mongodb.driver.cluster - Cluster created with settings {hosts=[localhost:27017], mode=SINGLE, requiredClusterType=UNKNOWN, serverSelectionTimeout='30000 ms'}
""2021-10-12 09:00:53 [cluster-rtt-ClusterId{value='6165016de168f50488da06dd', description='null'}-localhost:27017] INFO  org.mongodb.driver.connection - Opened connection [connectionId{localValue:5, serverValue:59}] to localhost:27017
""2021-10-12 09:00:53 [restartedMain] WARN  o.s.b.d.a.OptionalLiveReloadServer - Unable to start LiveReload server
""2021-10-12 09:00:53 [cluster-ClusterId{value='6165016de168f50488da06dd', description='null'}-localhost:27017] INFO  org.mongodb.driver.connection - Opened connection [connectionId{localValue:6, serverValue:60}] to localhost:27017
""2021-10-12 09:00:53 [cluster-ClusterId{value='6165016de168f50488da06dd', description='null'}-localhost:27017] INFO  org.mongodb.driver.cluster - Monitor thread successfully connected to server with description ServerDescription{address=localhost:27017, type=STANDALONE, state=CONNECTED, ok=true, minWireVersion=0, maxWireVersion=9, maxDocumentSize=16777216, logicalSessionTimeoutMinutes=30, roundTripTimeNanos=49411400}
""2021-10-12 09:00:53 [restartedMain] INFO  o.s.b.w.e.tomcat.TomcatWebServer - Tomcat started on port(s): 8058 (http) with context path ''
""2021-10-12 09:00:53 [restartedMain] INFO  c.r.horizon.ResourceApplicationKt - Started ResourceApplicationKt in 1.93 seconds (JVM running for 262.32)
""2021-10-12 09:00:53 [restartedMain] INFO  o.s.b.d.a.ConditionEvaluationDeltaLoggingListener - Condition evaluation unchanged
""2021-10-12 09:00:53 [restartedMain] INFO  c.r.horizon.ResourceApplication - Resource Application Started
""2021-10-12 09:01:09 [main] INFO  c.r.horizon.ResourceApplicationTests - Starting ResourceApplicationTests using Java 11.0.11 on fadednirvana with PID 16588 (started by HP in E:\Horizon India\horizon-resource\horizon)
""2021-10-12 09:01:09 [main] INFO  c.r.horizon.ResourceApplicationTests - No active profile set, falling back to default profiles: default
""2021-10-12 09:01:13 [main] INFO  o.s.d.r.c.RepositoryConfigurationDelegate - Bootstrapping Spring Data MongoDB repositories in DEFAULT mode.
""2021-10-12 09:01:13 [main] INFO  o.s.d.r.c.RepositoryConfigurationDelegate - Finished Spring Data repository scanning in 108 ms. Found 2 MongoDB repository interfaces.
""2021-10-12 09:01:17 [main] INFO  org.mongodb.driver.cluster - Cluster created with settings {hosts=[localhost:27017], mode=SINGLE, requiredClusterType=UNKNOWN, serverSelectionTimeout='30000 ms'}
""2021-10-12 09:01:17 [cluster-ClusterId{value='61650185fd42b1782900540d', description='null'}-localhost:27017] INFO  org.mongodb.driver.connection - Opened connection [connectionId{localValue:1, serverValue:61}] to localhost:27017
""2021-10-12 09:01:17 [cluster-ClusterId{value='61650185fd42b1782900540d', description='null'}-localhost:27017] INFO  org.mongodb.driver.cluster - Monitor thread successfully connected to server with description ServerDescription{address=localhost:27017, type=STANDALONE, state=CONNECTED, ok=true, minWireVersion=0, maxWireVersion=9, maxDocumentSize=16777216, logicalSessionTimeoutMinutes=30, roundTripTimeNanos=30285700}
""2021-10-12 09:01:17 [cluster-rtt-ClusterId{value='61650185fd42b1782900540d', description='null'}-localhost:27017] INFO  org.mongodb.driver.connection - Opened connection [connectionId{localValue:2, serverValue:62}] to localhost:27017
""2021-10-12 09:01:17 [main] INFO  c.r.horizon.ResourceApplicationTests - Started ResourceApplicationTests in 8.531 seconds (JVM running for 10.573)
"